<?xml version="1.0" encoding="UTF-8"?>
<testng-results ignored="0" total="1" passed="1" failed="0" skipped="0">
  <reporter-output>
  </reporter-output>
  <suite started-at="2021-01-05T21:23:25Z" name="Default suite" finished-at="2021-01-05T21:23:25Z" duration-ms="165">
    <groups>
    </groups>
    <test started-at="2021-01-05T21:23:25Z" name="Default test" finished-at="2021-01-05T21:23:25Z" duration-ms="165">
      <class name="TestNGPack.Test1">
        <test-method signature="method1()[pri:0, instance:TestNGPack.Test1@5b989dc7]" started-at="2021-01-05T21:23:25Z" name="method1" finished-at="2021-01-05T21:23:25Z" duration-ms="43" status="PASS">
          <reporter-output>
          </reporter-output>
        </test-method> <!-- method1 -->
      </class> <!-- TestNGPack.Test1 -->
    </test> <!-- Default test -->
  </suite> <!-- Default suite -->
</testng-results>
